2018-07-10 16:20:26.632 [main] INFO  dk.gym.db.connection.ConnectionPool - Successfully initialized connection pool. PoolSize: 8
2018-07-10 16:20:27.068 [main] INFO  gym.db.dao.impl.ActivityDaoImpl - 5
2018-07-10 16:20:27.078 [main] INFO  gym.db.dao.impl.ActivityDaoImpl - [Activity{idActivity=1, name='Gym', price=7, note='USD per training 60 min'} com.dk.gym.entity.Activity@b38388b6, Activity{idActivity=2, name='Gym with personal trainer', price=12, note='USD per training 60 min'} com.dk.gym.entity.Activity@f45898a9, Activity{idActivity=3, name='Boxing', price=9, note='this is the text'} com.dk.gym.entity.Activity@962386ad, Activity{idActivity=4, name='Fitness', price=8, note='USD per training 60 min'} com.dk.gym.entity.Activity@8f42b681, Activity{idActivity=5, name='Boxing', price=9, note='USD per training 45 min'} com.dk.gym.entity.Activity@36e2fbb7]
2018-07-10 16:20:27.079 [main] INFO  gym.db.dao.impl.ActivityDaoImpl - Activity{idActivity=3, name='Boxing', price=9, note='this is the text'} com.dk.gym.entity.Activity@962386ad
2018-07-10 16:20:27.096 [main] INFO  gym.db.dao.impl.ActivityDaoImpl - 6
2018-07-10 16:20:27.096 [main] INFO  gym.db.dao.impl.ActivityDaoImpl - Activity{idActivity=3, name='Boxing', price=9, note='this is the text'} com.dk.gym.entity.Activity@962386ad
2018-07-10 16:20:27.108 [main] INFO  gym.db.dao.impl.ActivityDaoImpl - true
2018-07-10 16:20:30.843 [main] INFO  dk.gym.db.connection.ConnectionPool - Successfully initialized connection pool. PoolSize: 8
2018-07-10 16:20:31.280 [main] INFO  gym.db.dao.impl.ClientDaoImpl - 6
2018-07-10 16:20:31.295 [main] INFO  gym.db.dao.impl.ClientDaoImpl - [Client{idClient=1, name='Alena', lastname='Vilina', phone='375291654898', email='null', personalData='null', idUser=2} com.dk.gym.entity.Client@6db32c9e, Client{idClient=2, name='Karina', lastname='Ronina', phone='375291654898', email='null', personalData='null', idUser=3} com.dk.gym.entity.Client@5c1e6715, Client{idClient=3, name='Vova', lastname='Balina', phone='375446547986', email='null', personalData='null', idUser=4} com.dk.gym.entity.Client@a1a39d4e, Client{idClient=4, name='Alex', lastname='Irwin', phone='375336549871', email='null', personalData='null', idUser=5} com.dk.gym.entity.Client@4f635561, Client{idClient=5, name='Olia', lastname='Korzun', phone='375446546545', email='null', personalData='null', idUser=6} com.dk.gym.entity.Client@8bd73857, Client{idClient=6, name='Vania', lastname='Beliy', phone='375291015522', email='null', personalData='null', idUser=7} com.dk.gym.entity.Client@ef31cf31]
2018-07-10 16:20:31.295 [main] INFO  gym.db.dao.impl.ClientDaoImpl - Client{idClient=3, name='Vova', lastname='Balina', phone='375446547986', email='null', personalData='null', idUser=4} com.dk.gym.entity.Client@a1a39d4e
2018-07-10 16:20:31.301 [main] INFO  gym.db.dao.impl.ClientDaoImpl - 7
2018-07-10 16:20:31.301 [main] INFO  gym.db.dao.impl.ClientDaoImpl - Client{idClient=3, name='Vova', lastname='CHECK', phone='375446547986', email='null', personalData='null', idUser=4} com.dk.gym.entity.Client@f00e64e7
2018-07-10 16:20:31.303 [main] INFO  gym.db.dao.impl.ClientDaoImpl - true
2018-07-10 16:20:35.614 [main] INFO  dk.gym.db.connection.ConnectionPool - Successfully initialized connection pool. PoolSize: 8
2018-07-10 16:20:35.991 [main] INFO  gym.db.dao.impl.ClientDaoImpl - 7
2018-07-10 16:20:36.007 [main] INFO  gym.db.dao.impl.ClientDaoImpl - [Client{idClient=1, name='Alena', lastname='Vilina', phone='375291654898', email='null', personalData='null', idUser=2} com.dk.gym.entity.Client@6db32c9e, Client{idClient=2, name='Karina', lastname='Ronina', phone='375291654898', email='null', personalData='null', idUser=3} com.dk.gym.entity.Client@5c1e6715, Client{idClient=3, name='Vova', lastname='CHECK', phone='375446547986', email='null', personalData='null', idUser=4} com.dk.gym.entity.Client@f00e64e7, Client{idClient=4, name='Alex', lastname='Irwin', phone='375336549871', email='null', personalData='null', idUser=5} com.dk.gym.entity.Client@4f635561, Client{idClient=5, name='Olia', lastname='Korzun', phone='375446546545', email='null', personalData='null', idUser=6} com.dk.gym.entity.Client@8bd73857, Client{idClient=6, name='Vania', lastname='Beliy', phone='375291015522', email='null', personalData='null', idUser=7} com.dk.gym.entity.Client@ef31cf31, Client{idClient=7, name='Vova', lastname='Balina', phone='375446547986', email='null', personalData='null', idUser=4} com.dk.gym.entity.Client@753c8a52]
2018-07-10 16:20:36.008 [main] INFO  gym.db.dao.impl.ClientDaoImpl - Client{idClient=3, name='Vova', lastname='CHECK', phone='375446547986', email='null', personalData='null', idUser=4} com.dk.gym.entity.Client@f00e64e7
2018-07-10 16:20:36.026 [main] INFO  gym.db.dao.impl.ClientDaoImpl - 8
2018-07-10 16:20:36.027 [main] INFO  gym.db.dao.impl.ClientDaoImpl - Client{idClient=3, name='Vova', lastname='CHECK', phone='375446547986', email='null', personalData='null', idUser=4} com.dk.gym.entity.Client@f00e64e7
2018-07-10 16:20:36.040 [main] INFO  gym.db.dao.impl.ClientDaoImpl - true
